Started GET "/" for ::1 at 2020-10-06 17:44:01 +0900
  [1m[35m (19.7ms)[0m  [1m[34mSELECT sqlite_version(*)[0m
Processing by Rails::WelcomeController#index as HTML
  Rendering C:/Ruby26-x64/lib/ruby/gems/2.6.0/gems/railties-6.0.3.3/lib/rails/templates/rails/welcome/index.html.erb
  Rendered C:/Ruby26-x64/lib/ruby/gems/2.6.0/gems/railties-6.0.3.3/lib/rails/templates/rails/welcome/index.html.erb (Duration: 87.5ms | Allocations: 416)
Completed 200 OK in 227ms (Views: 157.2ms | ActiveRecord: 0.0ms | Allocations: 2329)


Started GET "/" for 127.0.0.1 at 2020-10-07 10:48:14 +0900
  [1m[35m (25.8ms)[0m  [1m[34mSELECT sqlite_version(*)[0m
Processing by Rails::WelcomeController#index as HTML
  Rendering C:/Ruby26-x64/lib/ruby/gems/2.6.0/gems/railties-6.0.3.3/lib/rails/templates/rails/welcome/index.html.erb
  Rendered C:/Ruby26-x64/lib/ruby/gems/2.6.0/gems/railties-6.0.3.3/lib/rails/templates/rails/welcome/index.html.erb (Duration: 65.9ms | Allocations: 416)
Completed 200 OK in 168ms (Views: 123.6ms | ActiveRecord: 0.0ms | Allocations: 2329)


Started GET "/" for 192.168.17.157 at 2020-10-07 10:50:57 +0900
Cannot render console from 192.168.17.157! Allowed networks: 127.0.0.0/127.255.255.255, ::1
Processing by Rails::WelcomeController#index as HTML
  Rendering C:/Ruby26-x64/lib/ruby/gems/2.6.0/gems/railties-6.0.3.3/lib/rails/templates/rails/welcome/index.html.erb
  Rendered C:/Ruby26-x64/lib/ruby/gems/2.6.0/gems/railties-6.0.3.3/lib/rails/templates/rails/welcome/index.html.erb (Duration: 6.9ms | Allocations: 190)
Completed 200 OK in 16ms (Views: 8.6ms | ActiveRecord: 0.0ms | Allocations: 827)


Started GET "/home/top" for 127.0.0.1 at 2020-10-07 13:14:32 +0900
  [1m[35m (10.2ms)[0m  [1m[34mSELECT sqlite_version(*)[0m
Processing by HomeController#top as HTML
  Rendering home/top.html.erb within layouts/application
  Rendered home/top.html.erb within layouts/application (Duration: 8.6ms | Allocations: 316)
[Webpacker] Compiling...
[Webpacker] Compiled all packs in C:/Users/USER/sam/public/packs
[Webpacker] Hash: 15d1bb7b54cf6326b9ba
Version: webpack 4.44.2
Time: 11114ms
Built at: 2020-10-07 13:14:59
                                     Asset       Size       Chunks                         Chunk Names
    js/application-9afcbb5693aa87623e69.js    124 KiB  application  [emitted] [immutable]  application
js/application-9afcbb5693aa87623e69.js.map    139 KiB  application  [emitted] [dev]        application
                             manifest.json  364 bytes               [emitted]              
Entrypoint application = js/application-9afcbb5693aa87623e69.js js/application-9afcbb5693aa87623e69.js.map
[./app/javascript/channels sync recursive _channel\.js$] ./app/javascript/channels sync _channel\.js$ 160 bytes {application} [built]
[./app/javascript/channels/index.js] 211 bytes {application} [built]
[./app/javascript/packs/application.js] 749 bytes {application} [built]
[./node_modules/webpack/buildin/module.js] (webpack)/buildin/module.js 552 bytes {application} [built]
    + 3 hidden modules

Completed 200 OK in 26874ms (Views: 26831.0ms | ActiveRecord: 0.0ms | Allocations: 21956)


Started GET "/top.jpg" for 127.0.0.1 at 2020-10-07 13:15:00 +0900
  
ActionController::RoutingError (No route matches [GET] "/top.jpg"):
  
actionpack (6.0.3.3) lib/action_dispatch/middleware/debug_exceptions.rb:36:in `call'
web-console (4.0.4) lib/web_console/middleware.rb:132:in `call_app'
web-console (4.0.4) lib/web_console/middleware.rb:28:in `block in call'
web-console (4.0.4) lib/web_console/middleware.rb:17:in `catch'
web-console (4.0.4) lib/web_console/middleware.rb:17:in `call'
actionpack (6.0.3.3) lib/action_dispatch/middleware/show_exceptions.rb:33:in `call'
railties (6.0.3.3) lib/rails/rack/logger.rb:37:in `call_app'
railties (6.0.3.3) lib/rails/rack/logger.rb:26:in `block in call'
activesupport (6.0.3.3) lib/active_support/tagged_logging.rb:80:in `block in tagged'
activesupport (6.0.3.3) lib/active_support/tagged_logging.rb:28:in `tagged'
activesupport (6.0.3.3) lib/active_support/tagged_logging.rb:80:in `tagged'
railties (6.0.3.3) lib/rails/rack/logger.rb:26:in `call'
sprockets-rails (3.2.2) lib/sprockets/rails/quiet_assets.rb:13:in `call'
actionpack (6.0.3.3) lib/action_dispatch/middleware/remote_ip.rb:81:in `call'
actionpack (6.0.3.3) lib/action_dispatch/middleware/request_id.rb:27:in `call'
rack (2.2.3) lib/rack/method_override.rb:24:in `call'
rack (2.2.3) lib/rack/runtime.rb:22:in `call'
activesupport (6.0.3.3) lib/active_support/cache/strategy/local_cache_middleware.rb:29:in `call'
actionpack (6.0.3.3) lib/action_dispatch/middleware/executor.rb:14:in `call'
actionpack (6.0.3.3) lib/action_dispatch/middleware/static.rb:126:in `call'
rack (2.2.3) lib/rack/sendfile.rb:110:in `call'
actionpack (6.0.3.3) lib/action_dispatch/middleware/host_authorization.rb:82:in `call'
webpacker (4.3.0) lib/webpacker/dev_server_proxy.rb:23:in `perform_request'
rack-proxy (0.6.5) lib/rack/proxy.rb:57:in `call'
railties (6.0.3.3) lib/rails/engine.rb:527:in `call'
puma (4.3.6) lib/puma/configuration.rb:228:in `call'
puma (4.3.6) lib/puma/server.rb:713:in `handle_request'
puma (4.3.6) lib/puma/server.rb:472:in `process_client'
puma (4.3.6) lib/puma/server.rb:328:in `block in run'
puma (4.3.6) lib/puma/thread_pool.rb:134:in `block in spawn_thread'
Started GET "/home/top" for ::1 at 2020-10-07 13:22:36 +0900
Started GET "/home/top" for 127.0.0.1 at 2020-10-07 13:22:36 +0900
  [1m[35m (8.7ms)[0m  [1m[34mSELECT sqlite_version(*)[0m
  [1m[35m (2.7ms)[0m  [1m[34mSELECT sqlite_version(*)[0m
Processing by HomeController#top as HTML
Processing by HomeController#top as HTML
  Rendering home/top.html.erb within layouts/application
  Rendering home/top.html.erb within layouts/application
  Rendered home/top.html.erb within layouts/application (Duration: 8.8ms | Allocations: 382)
  Rendered home/top.html.erb within layouts/application (Duration: 4.2ms | Allocations: 247)
Completed 500 Internal Server Error in 128ms (ActiveRecord: 0.0ms | Allocations: 8353)


  
ActionView::Template::Error (Permission denied @ rb_file_s_rename - (C:/Users/USER/sam/tmp/cache/assets/sprockets/v4.0.0/kx/kxnTY04T8QtuZY5da1nyY6qXBwo_aaqVkW91OUl3CS0.cache.77760540.11448.934331, C:/Users/USER/sam/tmp/cache/assets/sprockets/v4.0.0/kx/kxnTY04T8QtuZY5da1nyY6qXBwo_aaqVkW91OUl3CS0.cache)):
     5:     <%= csrf_meta_tags %>
     6:     <%= csp_meta_tag %>
     7: 
     8:     <%= stylesheet_link_tag 'application', media: 'all', 'data-turbolinks-track': 'reload' %>
     9:     <%= javascript_pack_tag 'application', 'data-turbolinks-track': 'reload' %>
    10:   </head>
    11: 
  
app/views/layouts/application.html.erb:8
[Webpacker] Everything's up-to-date. Nothing to do
Completed 200 OK in 1026ms (Views: 1001.7ms | ActiveRecord: 0.0ms | Allocations: 508813)


Started GET "/home/top" for ::1 at 2020-10-07 13:22:45 +0900
Processing by HomeController#top as HTML
  Rendering home/top.html.erb within layouts/application
  Rendered home/top.html.erb within layouts/application (Duration: 0.1ms | Allocations: 5)
[Webpacker] Everything's up-to-date. Nothing to do
Completed 200 OK in 54ms (Views: 53.0ms | ActiveRecord: 0.0ms | Allocations: 4162)


Started GET "/home/top" for ::1 at 2020-10-07 13:22:53 +0900
Processing by HomeController#top as HTML
  Rendering home/top.html.erb within layouts/application
  Rendered home/top.html.erb within layouts/application (Duration: 0.0ms | Allocations: 4)
[Webpacker] Everything's up-to-date. Nothing to do
Completed 200 OK in 54ms (Views: 53.3ms | ActiveRecord: 0.0ms | Allocations: 4294)


Started GET "/home/top" for ::1 at 2020-10-07 13:22:58 +0900
Processing by HomeController#top as HTML
  Rendering home/top.html.erb within layouts/application
  Rendered home/top.html.erb within layouts/application (Duration: 0.0ms | Allocations: 4)
[Webpacker] Everything's up-to-date. Nothing to do
Completed 200 OK in 52ms (Views: 51.7ms | ActiveRecord: 0.0ms | Allocations: 4293)


Started GET "/home/top" for ::1 at 2020-10-07 13:22:59 +0900
Processing by HomeController#top as HTML
  Rendering home/top.html.erb within layouts/application
  Rendered home/top.html.erb within layouts/application (Duration: 0.0ms | Allocations: 5)
[Webpacker] Everything's up-to-date. Nothing to do
Completed 200 OK in 50ms (Views: 49.5ms | ActiveRecord: 0.0ms | Allocations: 4305)


Started GET "/home/top" for ::1 at 2020-10-07 13:23:00 +0900
Processing by HomeController#top as HTML
  Rendering home/top.html.erb within layouts/application
  Rendered home/top.html.erb within layouts/application (Duration: 0.0ms | Allocations: 5)
[Webpacker] Everything's up-to-date. Nothing to do
Completed 200 OK in 51ms (Views: 50.0ms | ActiveRecord: 0.0ms | Allocations: 4294)


Started GET "/home/top" for ::1 at 2020-10-07 13:23:00 +0900
Processing by HomeController#top as HTML
  Rendering home/top.html.erb within layouts/application
  Rendered home/top.html.erb within layouts/application (Duration: 0.0ms | Allocations: 4)
[Webpacker] Everything's up-to-date. Nothing to do
Completed 200 OK in 53ms (Views: 52.0ms | ActiveRecord: 0.0ms | Allocations: 4297)


Started GET "/home/top" for ::1 at 2020-10-07 13:23:01 +0900
Processing by HomeController#top as HTML
  Rendering home/top.html.erb within layouts/application
  Rendered home/top.html.erb within layouts/application (Duration: 0.0ms | Allocations: 4)
[Webpacker] Everything's up-to-date. Nothing to do
Completed 200 OK in 49ms (Views: 48.7ms | ActiveRecord: 0.0ms | Allocations: 4303)


Started GET "/home/top" for ::1 at 2020-10-07 13:23:02 +0900
Processing by HomeController#top as HTML
  Rendering home/top.html.erb within layouts/application
  Rendered home/top.html.erb within layouts/application (Duration: 0.0ms | Allocations: 4)
[Webpacker] Everything's up-to-date. Nothing to do
Completed 200 OK in 53ms (Views: 52.1ms | ActiveRecord: 0.0ms | Allocations: 4293)


Started GET "/home/top" for ::1 at 2020-10-07 13:23:02 +0900
Processing by HomeController#top as HTML
  Rendering home/top.html.erb within layouts/application
  Rendered home/top.html.erb within layouts/application (Duration: 0.0ms | Allocations: 4)
[Webpacker] Everything's up-to-date. Nothing to do
Completed 200 OK in 52ms (Views: 51.9ms | ActiveRecord: 0.0ms | Allocations: 4297)


Started GET "/home/top" for ::1 at 2020-10-07 13:23:03 +0900
Processing by HomeController#top as HTML
  Rendering home/top.html.erb within layouts/application
  Rendered home/top.html.erb within layouts/application (Duration: 0.0ms | Allocations: 4)
[Webpacker] Everything's up-to-date. Nothing to do
Completed 200 OK in 50ms (Views: 49.5ms | ActiveRecord: 0.0ms | Allocations: 4305)


Started GET "/home/top" for ::1 at 2020-10-07 13:23:04 +0900
Processing by HomeController#top as HTML
  Rendering home/top.html.erb within layouts/application
  Rendered home/top.html.erb within layouts/application (Duration: 0.0ms | Allocations: 4)
[Webpacker] Everything's up-to-date. Nothing to do
Completed 200 OK in 53ms (Views: 52.0ms | ActiveRecord: 0.0ms | Allocations: 4295)


Started GET "/home/top" for ::1 at 2020-10-07 13:23:04 +0900
Processing by HomeController#top as HTML
  Rendering home/top.html.erb within layouts/application
  Rendered home/top.html.erb within layouts/application (Duration: 0.0ms | Allocations: 4)
[Webpacker] Everything's up-to-date. Nothing to do
Completed 200 OK in 50ms (Views: 48.9ms | ActiveRecord: 0.0ms | Allocations: 4303)


Started GET "/home/top" for ::1 at 2020-10-07 13:26:33 +0900
Processing by HomeController#top as HTML
  Rendering home/top.html.erb within layouts/application
  Rendered home/top.html.erb within layouts/application (Duration: 0.0ms | Allocations: 4)
[Webpacker] Everything's up-to-date. Nothing to do
Completed 200 OK in 51ms (Views: 50.4ms | ActiveRecord: 0.0ms | Allocations: 4311)


Started GET "/home/top" for ::1 at 2020-10-07 13:26:35 +0900
Processing by HomeController#top as HTML
  Rendering home/top.html.erb within layouts/application
  Rendered home/top.html.erb within layouts/application (Duration: 0.0ms | Allocations: 4)
[Webpacker] Everything's up-to-date. Nothing to do
Completed 200 OK in 54ms (Views: 53.7ms | ActiveRecord: 0.0ms | Allocations: 4293)


Started GET "/home/top" for ::1 at 2020-10-07 13:26:41 +0900
Processing by HomeController#top as HTML
  Rendering home/top.html.erb within layouts/application
  Rendered home/top.html.erb within layouts/application (Duration: 0.0ms | Allocations: 4)
[Webpacker] Everything's up-to-date. Nothing to do
Completed 200 OK in 76ms (Views: 75.2ms | ActiveRecord: 0.0ms | Allocations: 4362)


Started GET "/home/top" for ::1 at 2020-10-07 13:27:27 +0900
Processing by HomeController#top as HTML
  Rendering home/top.html.erb within layouts/application
  Rendered home/top.html.erb within layouts/application (Duration: 0.0ms | Allocations: 4)
[Webpacker] Everything's up-to-date. Nothing to do
Completed 200 OK in 52ms (Views: 51.5ms | ActiveRecord: 0.0ms | Allocations: 4299)


Started GET "/home/top" for ::1 at 2020-10-07 13:57:57 +0900
  [1m[35m (0.1ms)[0m  [1m[34mSELECT sqlite_version(*)[0m
Processing by HomeController#top as HTML
  Rendering home/top.html.erb within layouts/application
  Rendered home/top.html.erb within layouts/application (Duration: 1.3ms | Allocations: 90)
[Webpacker] Everything's up-to-date. Nothing to do
Completed 200 OK in 60ms (Views: 57.1ms | ActiveRecord: 0.0ms | Allocations: 5316)


Started GET "/home/top" for ::1 at 2020-10-07 13:58:05 +0900
Processing by HomeController#top as HTML
  Rendering home/top.html.erb within layouts/application
  Rendered home/top.html.erb within layouts/application (Duration: 0.0ms | Allocations: 4)
[Webpacker] Everything's up-to-date. Nothing to do
Completed 200 OK in 50ms (Views: 49.8ms | ActiveRecord: 0.0ms | Allocations: 4298)


Started GET "/home/top" for ::1 at 2020-10-07 13:58:13 +0900
Processing by HomeController#top as HTML
  Rendering home/top.html.erb within layouts/application
  Rendered home/top.html.erb within layouts/application (Duration: 1.1ms | Allocations: 84)
[Webpacker] Everything's up-to-date. Nothing to do
Completed 200 OK in 61ms (Views: 57.1ms | ActiveRecord: 0.0ms | Allocations: 5282)


Started GET "/home/top" for ::1 at 2020-10-07 13:58:13 +0900
Processing by HomeController#top as HTML
  Rendering home/top.html.erb within layouts/application
  Rendered home/top.html.erb within layouts/application (Duration: 0.0ms | Allocations: 4)
[Webpacker] Everything's up-to-date. Nothing to do
Completed 200 OK in 48ms (Views: 47.8ms | ActiveRecord: 0.0ms | Allocations: 4314)


Started GET "/home/top" for ::1 at 2020-10-07 13:58:14 +0900
Processing by HomeController#top as HTML
  Rendering home/top.html.erb within layouts/application
  Rendered home/top.html.erb within layouts/application (Duration: 0.0ms | Allocations: 4)
[Webpacker] Everything's up-to-date. Nothing to do
Completed 200 OK in 49ms (Views: 48.0ms | ActiveRecord: 0.0ms | Allocations: 4297)


Started GET "/home/top" for ::1 at 2020-10-07 13:58:23 +0900
Processing by HomeController#top as HTML
  Rendering home/top.html.erb within layouts/application
  Rendered home/top.html.erb within layouts/application (Duration: 1.2ms | Allocations: 85)
[Webpacker] Everything's up-to-date. Nothing to do
Completed 200 OK in 59ms (Views: 56.2ms | ActiveRecord: 0.0ms | Allocations: 5296)


Started GET "/home/top" for ::1 at 2020-10-07 13:59:02 +0900
Processing by HomeController#top as HTML
  Rendering home/top.html.erb within layouts/application
  Rendered home/top.html.erb within layouts/application (Duration: 1.3ms | Allocations: 85)
[Webpacker] Everything's up-to-date. Nothing to do
Completed 200 OK in 59ms (Views: 56.2ms | ActiveRecord: 0.0ms | Allocations: 5297)


Started GET "/home/top" for ::1 at 2020-10-07 13:59:09 +0900
Processing by HomeController#top as HTML
  Rendering home/top.html.erb within layouts/application
  Rendered home/top.html.erb within layouts/application (Duration: 1.0ms | Allocations: 85)
[Webpacker] Everything's up-to-date. Nothing to do
Completed 200 OK in 61ms (Views: 57.1ms | ActiveRecord: 0.0ms | Allocations: 5295)


Started GET "/home/top" for ::1 at 2020-10-07 14:00:11 +0900
Processing by HomeController#top as HTML
  Rendering home/top.html.erb within layouts/application
  Rendered home/top.html.erb within layouts/application (Duration: 0.0ms | Allocations: 4)
[Webpacker] Everything's up-to-date. Nothing to do
Completed 200 OK in 276ms (Views: 275.6ms | ActiveRecord: 0.0ms | Allocations: 12977)


Started GET "/home/top" for ::1 at 2020-10-07 14:00:22 +0900
Processing by HomeController#top as HTML
  Rendering home/top.html.erb within layouts/application
  Rendered home/top.html.erb within layouts/application (Duration: 0.1ms | Allocations: 4)
[Webpacker] Everything's up-to-date. Nothing to do
Completed 200 OK in 360ms (Views: 359.4ms | ActiveRecord: 0.0ms | Allocations: 12625)


Started GET "/home/top" for ::1 at 2020-10-07 14:00:24 +0900
Processing by HomeController#top as HTML
  Rendering home/top.html.erb within layouts/application
  Rendered home/top.html.erb within layouts/application (Duration: 0.0ms | Allocations: 4)
[Webpacker] Everything's up-to-date. Nothing to do
Completed 200 OK in 66ms (Views: 64.9ms | ActiveRecord: 0.0ms | Allocations: 4319)


Started GET "/home/top" for ::1 at 2020-10-07 14:02:33 +0900
Processing by HomeController#top as HTML
  Rendering home/top.html.erb within layouts/application
  Rendered home/top.html.erb within layouts/application (Duration: 0.0ms | Allocations: 4)
[Webpacker] Everything's up-to-date. Nothing to do
Completed 200 OK in 268ms (Views: 266.0ms | ActiveRecord: 0.0ms | Allocations: 12635)


Started GET "/home/top" for ::1 at 2020-10-07 14:05:57 +0900
Processing by HomeController#top as HTML
  Rendering home/top.html.erb within layouts/application
  Rendered home/top.html.erb within layouts/application (Duration: 1.0ms | Allocations: 90)
[Webpacker] Everything's up-to-date. Nothing to do
Completed 200 OK in 337ms (Views: 333.5ms | ActiveRecord: 0.0ms | Allocations: 13615)


Started GET "/home/top" for ::1 at 2020-10-07 14:06:42 +0900
Processing by HomeController#top as HTML
  Rendering home/top.html.erb within layouts/application
  Rendered home/top.html.erb within layouts/application (Duration: 0.0ms | Allocations: 4)
[Webpacker] Everything's up-to-date. Nothing to do
Completed 200 OK in 332ms (Views: 331.1ms | ActiveRecord: 0.0ms | Allocations: 13079)


Started GET "/home/top" for ::1 at 2020-10-07 14:10:51 +0900
Processing by HomeController#top as HTML
  Rendering home/top.html.erb within layouts/application
  Rendered home/top.html.erb within layouts/application (Duration: 1.2ms | Allocations: 86)
[Webpacker] Everything's up-to-date. Nothing to do
Completed 200 OK in 345ms (Views: 340.3ms | ActiveRecord: 0.0ms | Allocations: 14904)


Started GET "/home/top" for ::1 at 2020-10-07 14:10:54 +0900
Processing by HomeController#top as HTML
  Rendering home/top.html.erb within layouts/application
  Rendered home/top.html.erb within layouts/application (Duration: 0.1ms | Allocations: 4)
[Webpacker] Everything's up-to-date. Nothing to do
Completed 200 OK in 50ms (Views: 49.1ms | ActiveRecord: 0.0ms | Allocations: 4320)


Started GET "/home/top" for ::1 at 2020-10-07 14:10:56 +0900
Processing by HomeController#top as HTML
  Rendering home/top.html.erb within layouts/application
  Rendered home/top.html.erb within layouts/application (Duration: 0.0ms | Allocations: 4)
[Webpacker] Everything's up-to-date. Nothing to do
Completed 200 OK in 61ms (Views: 59.6ms | ActiveRecord: 0.0ms | Allocations: 4327)


Started GET "/home/top" for ::1 at 2020-10-07 14:11:43 +0900
Processing by HomeController#top as HTML
  Rendering home/top.html.erb within layouts/application
  Rendered home/top.html.erb within layouts/application (Duration: 0.0ms | Allocations: 4)
[Webpacker] Everything's up-to-date. Nothing to do
Completed 200 OK in 50ms (Views: 49.0ms | ActiveRecord: 0.0ms | Allocations: 4319)


Started GET "/home/top" for ::1 at 2020-10-07 14:11:46 +0900
Processing by HomeController#top as HTML
  Rendering home/top.html.erb within layouts/application
  Rendered home/top.html.erb within layouts/application (Duration: 0.0ms | Allocations: 4)
[Webpacker] Everything's up-to-date. Nothing to do
Completed 200 OK in 315ms (Views: 314.2ms | ActiveRecord: 0.0ms | Allocations: 13080)


Started GET "/home/top" for ::1 at 2020-10-07 14:11:48 +0900
Processing by HomeController#top as HTML
  Rendering home/top.html.erb within layouts/application
  Rendered home/top.html.erb within layouts/application (Duration: 0.0ms | Allocations: 4)
[Webpacker] Everything's up-to-date. Nothing to do
Completed 200 OK in 49ms (Views: 48.3ms | ActiveRecord: 0.0ms | Allocations: 4325)


Started GET "/home/top" for ::1 at 2020-10-07 14:12:19 +0900
Processing by HomeController#top as HTML
  Rendering home/top.html.erb within layouts/application
  Rendered home/top.html.erb within layouts/application (Duration: 0.0ms | Allocations: 4)
[Webpacker] Everything's up-to-date. Nothing to do
Completed 200 OK in 293ms (Views: 292.3ms | ActiveRecord: 0.0ms | Allocations: 13457)


Started GET "/home/top" for ::1 at 2020-10-07 14:12:21 +0900
Processing by HomeController#top as HTML
  Rendering home/top.html.erb within layouts/application
  Rendered home/top.html.erb within layouts/application (Duration: 0.0ms | Allocations: 4)
[Webpacker] Everything's up-to-date. Nothing to do
Completed 200 OK in 50ms (Views: 48.9ms | ActiveRecord: 0.0ms | Allocations: 4325)


Started GET "/home/top" for ::1 at 2020-10-07 14:13:14 +0900
Processing by HomeController#top as HTML
  Rendering home/top.html.erb within layouts/application
  Rendered home/top.html.erb within layouts/application (Duration: 0.1ms | Allocations: 4)
[Webpacker] Everything's up-to-date. Nothing to do
Completed 200 OK in 435ms (Views: 433.9ms | ActiveRecord: 0.0ms | Allocations: 13044)


Started GET "/home/top" for ::1 at 2020-10-07 14:13:42 +0900
Processing by HomeController#top as HTML
  Rendering home/top.html.erb within layouts/application
  Rendered home/top.html.erb within layouts/application (Duration: 0.1ms | Allocations: 4)
[Webpacker] Everything's up-to-date. Nothing to do
Completed 200 OK in 227ms (Views: 225.9ms | ActiveRecord: 0.0ms | Allocations: 13923)


Started GET "/home/top" for ::1 at 2020-10-07 14:14:05 +0900
Processing by HomeController#top as HTML
  Rendering home/top.html.erb within layouts/application
  Rendered home/top.html.erb within layouts/application (Duration: 0.0ms | Allocations: 4)
[Webpacker] Everything's up-to-date. Nothing to do
Completed 200 OK in 350ms (Views: 349.5ms | ActiveRecord: 0.0ms | Allocations: 12623)


Started GET "/home/top" for ::1 at 2020-10-07 14:14:09 +0900
Processing by HomeController#top as HTML
  Rendering home/top.html.erb within layouts/application
  Rendered home/top.html.erb within layouts/application (Duration: 0.0ms | Allocations: 4)
[Webpacker] Everything's up-to-date. Nothing to do
Completed 200 OK in 48ms (Views: 47.7ms | ActiveRecord: 0.0ms | Allocations: 4306)


Started GET "/home/top" for ::1 at 2020-10-07 14:15:56 +0900
Processing by HomeController#top as HTML
  Rendering home/top.html.erb within layouts/application
  Rendered home/top.html.erb within layouts/application (Duration: 1.1ms | Allocations: 91)
[Webpacker] Everything's up-to-date. Nothing to do
Completed 200 OK in 307ms (Views: 302.5ms | ActiveRecord: 0.0ms | Allocations: 15300)


Started GET "/home/top" for ::1 at 2020-10-07 14:16:00 +0900
Processing by HomeController#top as HTML
  Rendering home/top.html.erb within layouts/application
  Rendered home/top.html.erb within layouts/application (Duration: 0.0ms | Allocations: 4)
[Webpacker] Everything's up-to-date. Nothing to do
Completed 200 OK in 48ms (Views: 47.0ms | ActiveRecord: 0.0ms | Allocations: 4304)


Started GET "/home/top" for ::1 at 2020-10-07 14:20:47 +0900
Processing by HomeController#top as HTML
  Rendering home/top.html.erb within layouts/application
  Rendered home/top.html.erb within layouts/application (Duration: 1.4ms | Allocations: 87)
Completed 500 Internal Server Error in 160ms (ActiveRecord: 0.0ms | Allocations: 7142)


  
ActionView::Template::Error (Error: property "background-color" must be followed by a ':'
        on line 168:5 of app/assets/stylesheets/home.scss
>>     background-color

   ----^
):
     5:     <%= csrf_meta_tags %>
     6:     <%= csp_meta_tag %>
     7: 
     8:     <%= stylesheet_link_tag 'application', media: 'all', 'data-turbolinks-track': 'reload' %>
     9:     <%= javascript_pack_tag 'application', 'data-turbolinks-track': 'reload' %>
    10:   </head>
    11: 
  
app/assets/stylesheets/home.scss:168
app/views/layouts/application.html.erb:8
Started GET "/home/top" for ::1 at 2020-10-07 14:21:24 +0900
Processing by HomeController#top as HTML
  Rendering home/top.html.erb within layouts/application
  Rendered home/top.html.erb within layouts/application (Duration: 0.0ms | Allocations: 4)
[Webpacker] Everything's up-to-date. Nothing to do
Completed 200 OK in 318ms (Views: 317.5ms | ActiveRecord: 0.0ms | Allocations: 12639)


Started GET "/home/top" for ::1 at 2020-10-07 14:21:27 +0900
Processing by HomeController#top as HTML
  Rendering home/top.html.erb within layouts/application
  Rendered home/top.html.erb within layouts/application (Duration: 0.0ms | Allocations: 4)
[Webpacker] Everything's up-to-date. Nothing to do
Completed 200 OK in 49ms (Views: 48.1ms | ActiveRecord: 0.0ms | Allocations: 4309)


Started GET "/home/top" for ::1 at 2020-10-07 14:21:27 +0900
Processing by HomeController#top as HTML
  Rendering home/top.html.erb within layouts/application
  Rendered home/top.html.erb within layouts/application (Duration: 0.0ms | Allocations: 4)
[Webpacker] Everything's up-to-date. Nothing to do
Completed 200 OK in 48ms (Views: 47.4ms | ActiveRecord: 0.0ms | Allocations: 4317)


Started GET "/home/top" for ::1 at 2020-10-07 14:21:28 +0900
Processing by HomeController#top as HTML
  Rendering home/top.html.erb within layouts/application
  Rendered home/top.html.erb within layouts/application (Duration: 0.0ms | Allocations: 4)
[Webpacker] Everything's up-to-date. Nothing to do
Completed 200 OK in 50ms (Views: 49.4ms | ActiveRecord: 0.0ms | Allocations: 4315)


Started GET "/home/top" for ::1 at 2020-10-07 14:23:32 +0900
Processing by HomeController#top as HTML
  Rendering home/top.html.erb within layouts/application
  Rendered home/top.html.erb within layouts/application (Duration: 0.0ms | Allocations: 4)
[Webpacker] Everything's up-to-date. Nothing to do
Completed 200 OK in 730ms (Views: 729.2ms | ActiveRecord: 0.0ms | Allocations: 13547)


Started GET "/home/top" for ::1 at 2020-10-07 14:23:34 +0900
Processing by HomeController#top as HTML
  Rendering home/top.html.erb within layouts/application
  Rendered home/top.html.erb within layouts/application (Duration: 0.0ms | Allocations: 4)
[Webpacker] Everything's up-to-date. Nothing to do
Completed 200 OK in 53ms (Views: 52.0ms | ActiveRecord: 0.0ms | Allocations: 4319)


Started GET "/home/top" for ::1 at 2020-10-07 14:24:40 +0900
Processing by HomeController#top as HTML
  Rendering home/top.html.erb within layouts/application
  Rendered home/top.html.erb within layouts/application (Duration: 0.0ms | Allocations: 4)
[Webpacker] Everything's up-to-date. Nothing to do
Completed 200 OK in 332ms (Views: 331.6ms | ActiveRecord: 0.0ms | Allocations: 13051)


Started GET "/home/top" for ::1 at 2020-10-07 14:24:41 +0900
Processing by HomeController#top as HTML
  Rendering home/top.html.erb within layouts/application
  Rendered home/top.html.erb within layouts/application (Duration: 0.0ms | Allocations: 4)
[Webpacker] Everything's up-to-date. Nothing to do
Completed 200 OK in 47ms (Views: 46.1ms | ActiveRecord: 0.0ms | Allocations: 4331)


Started GET "/home/top" for ::1 at 2020-10-07 14:24:42 +0900
Processing by HomeController#top as HTML
  Rendering home/top.html.erb within layouts/application
  Rendered home/top.html.erb within layouts/application (Duration: 0.0ms | Allocations: 4)
[Webpacker] Everything's up-to-date. Nothing to do
Completed 200 OK in 49ms (Views: 48.5ms | ActiveRecord: 0.0ms | Allocations: 4311)


Started GET "/home/top" for ::1 at 2020-10-07 14:24:42 +0900
Processing by HomeController#top as HTML
  Rendering home/top.html.erb within layouts/application
  Rendered home/top.html.erb within layouts/application (Duration: 0.0ms | Allocations: 4)
[Webpacker] Everything's up-to-date. Nothing to do
Completed 200 OK in 63ms (Views: 62.0ms | ActiveRecord: 0.0ms | Allocations: 4315)


Started GET "/home/top" for ::1 at 2020-10-07 14:24:42 +0900
Processing by HomeController#top as HTML
  Rendering home/top.html.erb within layouts/application
  Rendered home/top.html.erb within layouts/application (Duration: 0.1ms | Allocations: 4)
[Webpacker] Everything's up-to-date. Nothing to do
Completed 200 OK in 50ms (Views: 49.0ms | ActiveRecord: 0.0ms | Allocations: 4317)


Started GET "/home/top" for ::1 at 2020-10-07 14:24:56 +0900
Processing by HomeController#top as HTML
  Rendering home/top.html.erb within layouts/application
  Rendered home/top.html.erb within layouts/application (Duration: 0.0ms | Allocations: 4)
[Webpacker] Everything's up-to-date. Nothing to do
Completed 200 OK in 328ms (Views: 327.6ms | ActiveRecord: 0.0ms | Allocations: 13481)


Started GET "/home/top" for ::1 at 2020-10-07 14:25:10 +0900
Processing by HomeController#top as HTML
  Rendering home/top.html.erb within layouts/application
  Rendered home/top.html.erb within layouts/application (Duration: 0.0ms | Allocations: 4)
[Webpacker] Everything's up-to-date. Nothing to do
Completed 200 OK in 269ms (Views: 268.6ms | ActiveRecord: 0.0ms | Allocations: 13034)


Started GET "/home/top" for ::1 at 2020-10-07 14:27:48 +0900
Processing by HomeController#top as HTML
  Rendering home/top.html.erb within layouts/application
  Rendered home/top.html.erb within layouts/application (Duration: 0.1ms | Allocations: 4)
[Webpacker] Everything's up-to-date. Nothing to do
Completed 200 OK in 351ms (Views: 350.2ms | ActiveRecord: 0.0ms | Allocations: 13092)


Started GET "/home/top" for ::1 at 2020-10-07 14:27:49 +0900
Processing by HomeController#top as HTML
  Rendering home/top.html.erb within layouts/application
  Rendered home/top.html.erb within layouts/application (Duration: 0.0ms | Allocations: 4)
[Webpacker] Everything's up-to-date. Nothing to do
Completed 200 OK in 48ms (Views: 47.3ms | ActiveRecord: 0.0ms | Allocations: 4323)


Started GET "/home/top" for ::1 at 2020-10-07 14:27:50 +0900
Processing by HomeController#top as HTML
  Rendering home/top.html.erb within layouts/application
  Rendered home/top.html.erb within layouts/application (Duration: 0.0ms | Allocations: 4)
[Webpacker] Everything's up-to-date. Nothing to do
Completed 200 OK in 51ms (Views: 50.4ms | ActiveRecord: 0.0ms | Allocations: 4317)


Started GET "/home/top" for ::1 at 2020-10-07 14:27:50 +0900
Processing by HomeController#top as HTML
  Rendering home/top.html.erb within layouts/application
  Rendered home/top.html.erb within layouts/application (Duration: 0.0ms | Allocations: 4)
[Webpacker] Everything's up-to-date. Nothing to do
Completed 200 OK in 50ms (Views: 49.6ms | ActiveRecord: 0.0ms | Allocations: 4313)


Started GET "/home/top" for ::1 at 2020-10-07 14:27:50 +0900
Processing by HomeController#top as HTML
  Rendering home/top.html.erb within layouts/application
  Rendered home/top.html.erb within layouts/application (Duration: 0.0ms | Allocations: 4)
Started GET "/home/top" for ::1 at 2020-10-07 14:27:50 +0900
[Webpacker] Everything's up-to-date. Nothing to do
Completed 200 OK in 81ms (Views: 79.8ms | ActiveRecord: 0.0ms | Allocations: 5096)


Processing by HomeController#top as HTML
  Rendering home/top.html.erb within layouts/application
  Rendered home/top.html.erb within layouts/application (Duration: 0.0ms | Allocations: 4)
[Webpacker] Everything's up-to-date. Nothing to do
Completed 200 OK in 47ms (Views: 46.2ms | ActiveRecord: 0.0ms | Allocations: 4319)


Started GET "/home/top" for ::1 at 2020-10-07 14:27:57 +0900
Processing by HomeController#top as HTML
  Rendering home/top.html.erb within layouts/application
  Rendered home/top.html.erb within layouts/application (Duration: 0.0ms | Allocations: 4)
[Webpacker] Everything's up-to-date. Nothing to do
Completed 200 OK in 321ms (Views: 319.7ms | ActiveRecord: 0.0ms | Allocations: 13408)


Started GET "/home/top" for ::1 at 2020-10-07 14:28:37 +0900
Processing by HomeController#top as HTML
  Rendering home/top.html.erb within layouts/application
  Rendered home/top.html.erb within layouts/application (Duration: 1.4ms | Allocations: 92)
[Webpacker] Everything's up-to-date. Nothing to do
Completed 200 OK in 335ms (Views: 331.7ms | ActiveRecord: 0.0ms | Allocations: 14899)


Started GET "/home/top" for ::1 at 2020-10-07 14:29:23 +0900
Processing by HomeController#top as HTML
  Rendering home/top.html.erb within layouts/application
  Rendered home/top.html.erb within layouts/application (Duration: 0.0ms | Allocations: 4)
[Webpacker] Everything's up-to-date. Nothing to do
Completed 200 OK in 431ms (Views: 430.3ms | ActiveRecord: 0.0ms | Allocations: 14303)


Started GET "/home/top" for ::1 at 2020-10-07 14:29:25 +0900
Processing by HomeController#top as HTML
  Rendering home/top.html.erb within layouts/application
  Rendered home/top.html.erb within layouts/application (Duration: 0.0ms | Allocations: 4)
[Webpacker] Everything's up-to-date. Nothing to do
Completed 200 OK in 71ms (Views: 69.7ms | ActiveRecord: 0.0ms | Allocations: 4310)


Started GET "/home/top" for ::1 at 2020-10-07 14:29:34 +0900
Processing by HomeController#top as HTML
  Rendering home/top.html.erb within layouts/application
  Rendered home/top.html.erb within layouts/application (Duration: 0.0ms | Allocations: 4)
[Webpacker] Everything's up-to-date. Nothing to do
Completed 200 OK in 57ms (Views: 56.2ms | ActiveRecord: 0.0ms | Allocations: 4359)


Started GET "/home/top" for ::1 at 2020-10-07 14:30:46 +0900
Processing by HomeController#top as HTML
  Rendering home/top.html.erb within layouts/application
  Rendered home/top.html.erb within layouts/application (Duration: 0.0ms | Allocations: 4)
[Webpacker] Everything's up-to-date. Nothing to do
Completed 200 OK in 56ms (Views: 54.9ms | ActiveRecord: 0.0ms | Allocations: 4369)


Started GET "/home/top" for ::1 at 2020-10-07 14:30:47 +0900
Processing by HomeController#top as HTML
  Rendering home/top.html.erb within layouts/application
  Rendered home/top.html.erb within layouts/application (Duration: 0.0ms | Allocations: 4)
[Webpacker] Everything's up-to-date. Nothing to do
Completed 200 OK in 48ms (Views: 46.7ms | ActiveRecord: 0.0ms | Allocations: 4317)


Started GET "/home" for ::1 at 2020-10-07 14:31:02 +0900
  
ActionController::RoutingError (No route matches [GET] "/home"):
  
actionpack (6.0.3.3) lib/action_dispatch/middleware/debug_exceptions.rb:36:in `call'
web-console (4.0.4) lib/web_console/middleware.rb:132:in `call_app'
web-console (4.0.4) lib/web_console/middleware.rb:28:in `block in call'
web-console (4.0.4) lib/web_console/middleware.rb:17:in `catch'
web-console (4.0.4) lib/web_console/middleware.rb:17:in `call'
actionpack (6.0.3.3) lib/action_dispatch/middleware/show_exceptions.rb:33:in `call'
railties (6.0.3.3) lib/rails/rack/logger.rb:37:in `call_app'
railties (6.0.3.3) lib/rails/rack/logger.rb:26:in `block in call'
activesupport (6.0.3.3) lib/active_support/tagged_logging.rb:80:in `block in tagged'
activesupport (6.0.3.3) lib/active_support/tagged_logging.rb:28:in `tagged'
activesupport (6.0.3.3) lib/active_support/tagged_logging.rb:80:in `tagged'
railties (6.0.3.3) lib/rails/rack/logger.rb:26:in `call'
sprockets-rails (3.2.2) lib/sprockets/rails/quiet_assets.rb:13:in `call'
actionpack (6.0.3.3) lib/action_dispatch/middleware/remote_ip.rb:81:in `call'
actionpack (6.0.3.3) lib/action_dispatch/middleware/request_id.rb:27:in `call'
rack (2.2.3) lib/rack/method_override.rb:24:in `call'
rack (2.2.3) lib/rack/runtime.rb:22:in `call'
activesupport (6.0.3.3) lib/active_support/cache/strategy/local_cache_middleware.rb:29:in `call'
actionpack (6.0.3.3) lib/action_dispatch/middleware/executor.rb:14:in `call'
actionpack (6.0.3.3) lib/action_dispatch/middleware/static.rb:126:in `call'
rack (2.2.3) lib/rack/sendfile.rb:110:in `call'
actionpack (6.0.3.3) lib/action_dispatch/middleware/host_authorization.rb:82:in `call'
webpacker (4.3.0) lib/webpacker/dev_server_proxy.rb:23:in `perform_request'
rack-proxy (0.6.5) lib/rack/proxy.rb:57:in `call'
railties (6.0.3.3) lib/rails/engine.rb:527:in `call'
puma (4.3.6) lib/puma/configuration.rb:228:in `call'
puma (4.3.6) lib/puma/server.rb:713:in `handle_request'
puma (4.3.6) lib/puma/server.rb:472:in `process_client'
puma (4.3.6) lib/puma/server.rb:328:in `block in run'
puma (4.3.6) lib/puma/thread_pool.rb:134:in `block in spawn_thread'
Started GET "/" for ::1 at 2020-10-07 15:19:46 +0900
  [1m[35m (0.2ms)[0m  [1m[34mSELECT sqlite_version(*)[0m
Processing by HomeController#top as HTML
  Rendering home/top.html.erb within layouts/application
  Rendered home/top.html.erb within layouts/application (Duration: 0.2ms | Allocations: 4)
[Webpacker] Everything's up-to-date. Nothing to do
Completed 200 OK in 80ms (Views: 79.0ms | ActiveRecord: 0.0ms | Allocations: 4324)


Started GET "/" for ::1 at 2020-10-07 15:20:10 +0900
Processing by HomeController#top as HTML
  Rendering home/top.html.erb within layouts/application
  Rendered home/top.html.erb within layouts/application (Duration: 0.0ms | Allocations: 4)
[Webpacker] Everything's up-to-date. Nothing to do
Completed 200 OK in 50ms (Views: 48.7ms | ActiveRecord: 0.0ms | Allocations: 4319)


Started GET "/" for ::1 at 2020-10-07 15:20:11 +0900
Processing by HomeController#top as HTML
  Rendering home/top.html.erb within layouts/application
  Rendered home/top.html.erb within layouts/application (Duration: 0.0ms | Allocations: 4)
[Webpacker] Everything's up-to-date. Nothing to do
Completed 200 OK in 57ms (Views: 56.3ms | ActiveRecord: 0.0ms | Allocations: 4757)


Started GET "/" for ::1 at 2020-10-07 15:20:11 +0900
Processing by HomeController#top as HTML
  Rendering home/top.html.erb within layouts/application
  Rendered home/top.html.erb within layouts/application (Duration: 0.1ms | Allocations: 4)
[Webpacker] Everything's up-to-date. Nothing to do
Completed 200 OK in 50ms (Views: 49.0ms | ActiveRecord: 0.0ms | Allocations: 4315)


Started GET "/" for ::1 at 2020-10-07 15:20:11 +0900
Processing by HomeController#top as HTML
  Rendering home/top.html.erb within layouts/application
  Rendered home/top.html.erb within layouts/application (Duration: 0.0ms | Allocations: 4)
[Webpacker] Everything's up-to-date. Nothing to do
Completed 200 OK in 65ms (Views: 64.0ms | ActiveRecord: 0.0ms | Allocations: 4320)


Started GET "/" for ::1 at 2020-10-07 15:20:11 +0900
Processing by HomeController#top as HTML
  Rendering home/top.html.erb within layouts/application
  Rendered home/top.html.erb within layouts/application (Duration: 0.0ms | Allocations: 4)
[Webpacker] Everything's up-to-date. Nothing to do
Completed 200 OK in 75ms (Views: 74.7ms | ActiveRecord: 0.0ms | Allocations: 4327)


Started GET "/" for ::1 at 2020-10-07 15:20:12 +0900
Processing by HomeController#top as HTML
  Rendering home/top.html.erb within layouts/application
  Rendered home/top.html.erb within layouts/application (Duration: 0.0ms | Allocations: 4)
[Webpacker] Everything's up-to-date. Nothing to do
Completed 200 OK in 48ms (Views: 47.7ms | ActiveRecord: 0.0ms | Allocations: 4315)


Started GET "/" for ::1 at 2020-10-07 15:20:12 +0900
Processing by HomeController#top as HTML
  Rendering home/top.html.erb within layouts/application
  Rendered home/top.html.erb within layouts/application (Duration: 0.0ms | Allocations: 4)
[Webpacker] Everything's up-to-date. Nothing to do
Completed 200 OK in 61ms (Views: 59.5ms | ActiveRecord: 0.0ms | Allocations: 4321)


Started GET "/" for ::1 at 2020-10-07 15:20:12 +0900
Processing by HomeController#top as HTML
  Rendering home/top.html.erb within layouts/application
  Rendered home/top.html.erb within layouts/application (Duration: 0.0ms | Allocations: 4)
[Webpacker] Everything's up-to-date. Nothing to do
Completed 200 OK in 50ms (Views: 49.4ms | ActiveRecord: 0.0ms | Allocations: 4315)


Started GET "/" for ::1 at 2020-10-07 15:20:13 +0900
Processing by HomeController#top as HTML
  Rendering home/top.html.erb within layouts/application
  Rendered home/top.html.erb within layouts/application (Duration: 0.0ms | Allocations: 4)
[Webpacker] Everything's up-to-date. Nothing to do
Completed 200 OK in 51ms (Views: 49.9ms | ActiveRecord: 0.0ms | Allocations: 4321)


Started GET "/" for ::1 at 2020-10-07 15:20:13 +0900
Processing by HomeController#top as HTML
  Rendering home/top.html.erb within layouts/application
  Rendered home/top.html.erb within layouts/application (Duration: 0.0ms | Allocations: 4)
[Webpacker] Everything's up-to-date. Nothing to do
Completed 200 OK in 50ms (Views: 49.1ms | ActiveRecord: 0.0ms | Allocations: 4321)


Started GET "/" for ::1 at 2020-10-07 15:20:13 +0900
Processing by HomeController#top as HTML
  Rendering home/top.html.erb within layouts/application
  Rendered home/top.html.erb within layouts/application (Duration: 0.0ms | Allocations: 4)
[Webpacker] Everything's up-to-date. Nothing to do
Completed 200 OK in 50ms (Views: 49.6ms | ActiveRecord: 0.0ms | Allocations: 4323)


Started GET "/" for ::1 at 2020-10-07 15:20:13 +0900
Processing by HomeController#top as HTML
  Rendering home/top.html.erb within layouts/application
  Rendered home/top.html.erb within layouts/application (Duration: 0.1ms | Allocations: 4)
[Webpacker] Everything's up-to-date. Nothing to do
Completed 200 OK in 49ms (Views: 48.2ms | ActiveRecord: 0.0ms | Allocations: 4311)


Started GET "/" for ::1 at 2020-10-07 15:20:14 +0900
Processing by HomeController#top as HTML
  Rendering home/top.html.erb within layouts/application
  Rendered home/top.html.erb within layouts/application (Duration: 0.0ms | Allocations: 4)
[Webpacker] Everything's up-to-date. Nothing to do
Completed 200 OK in 50ms (Views: 49.2ms | ActiveRecord: 0.0ms | Allocations: 4315)


Started GET "/" for ::1 at 2020-10-07 15:20:14 +0900
Processing by HomeController#top as HTML
  Rendering home/top.html.erb within layouts/application
  Rendered home/top.html.erb within layouts/application (Duration: 0.0ms | Allocations: 4)
[Webpacker] Everything's up-to-date. Nothing to do
Started GET "/" for ::1 at 2020-10-07 15:20:14 +0900
Completed 200 OK in 60ms (Views: 59.3ms | ActiveRecord: 0.0ms | Allocations: 5065)


Processing by HomeController#top as HTML
  Rendering home/top.html.erb within layouts/application
  Rendered home/top.html.erb within layouts/application (Duration: 0.0ms | Allocations: 4)
[Webpacker] Everything's up-to-date. Nothing to do
Completed 200 OK in 53ms (Views: 51.8ms | ActiveRecord: 0.0ms | Allocations: 4719)


Started GET "/" for ::1 at 2020-10-07 15:20:14 +0900
Processing by HomeController#top as HTML
  Rendering home/top.html.erb within layouts/application
  Rendered home/top.html.erb within layouts/application (Duration: 0.0ms | Allocations: 4)
[Webpacker] Everything's up-to-date. Nothing to do
Completed 200 OK in 51ms (Views: 50.3ms | ActiveRecord: 0.0ms | Allocations: 4329)


Started GET "/" for ::1 at 2020-10-07 15:20:15 +0900
Processing by HomeController#top as HTML
  Rendering home/top.html.erb within layouts/application
  Rendered home/top.html.erb within layouts/application (Duration: 0.0ms | Allocations: 4)
[Webpacker] Everything's up-to-date. Nothing to do
Completed 200 OK in 49ms (Views: 47.7ms | ActiveRecord: 0.0ms | Allocations: 4329)


Started GET "/" for ::1 at 2020-10-07 15:22:10 +0900
Processing by HomeController#top as HTML
  Rendering home/top.html.erb within layouts/application
  Rendered home/top.html.erb within layouts/application (Duration: 0.0ms | Allocations: 4)
[Webpacker] Everything's up-to-date. Nothing to do
Completed 200 OK in 48ms (Views: 47.5ms | ActiveRecord: 0.0ms | Allocations: 4313)


Started GET "/" for ::1 at 2020-10-07 15:22:10 +0900
Processing by HomeController#top as HTML
  Rendering home/top.html.erb within layouts/application
  Rendered home/top.html.erb within layouts/application (Duration: 0.0ms | Allocations: 4)
[Webpacker] Everything's up-to-date. Nothing to do
Completed 200 OK in 65ms (Views: 64.8ms | ActiveRecord: 0.0ms | Allocations: 4313)


Started GET "/" for ::1 at 2020-10-07 15:22:10 +0900
Processing by HomeController#top as HTML
  Rendering home/top.html.erb within layouts/application
  Rendered home/top.html.erb within layouts/application (Duration: 0.0ms | Allocations: 4)
[Webpacker] Everything's up-to-date. Nothing to do
Completed 200 OK in 65ms (Views: 64.4ms | ActiveRecord: 0.0ms | Allocations: 4323)


Started GET "/" for ::1 at 2020-10-07 15:22:11 +0900
Processing by HomeController#top as HTML
  Rendering home/top.html.erb within layouts/application
  Rendered home/top.html.erb within layouts/application (Duration: 0.0ms | Allocations: 4)
[Webpacker] Everything's up-to-date. Nothing to do
Completed 200 OK in 51ms (Views: 50.4ms | ActiveRecord: 0.0ms | Allocations: 4315)


Started GET "/" for ::1 at 2020-10-07 15:22:11 +0900
Processing by HomeController#top as HTML
  Rendering home/top.html.erb within layouts/application
  Rendered home/top.html.erb within layouts/application (Duration: 0.1ms | Allocations: 4)
[Webpacker] Everything's up-to-date. Nothing to do
Completed 200 OK in 59ms (Views: 57.7ms | ActiveRecord: 0.0ms | Allocations: 4315)


Started GET "/" for ::1 at 2020-10-07 15:22:11 +0900
Processing by HomeController#top as HTML
  Rendering home/top.html.erb within layouts/application
  Rendered home/top.html.erb within layouts/application (Duration: 0.0ms | Allocations: 4)
[Webpacker] Everything's up-to-date. Nothing to do
Completed 200 OK in 54ms (Views: 53.2ms | ActiveRecord: 0.0ms | Allocations: 4323)


Started GET "/" for ::1 at 2020-10-07 15:22:11 +0900
Processing by HomeController#top as HTML
  Rendering home/top.html.erb within layouts/application
  Rendered home/top.html.erb within layouts/application (Duration: 0.0ms | Allocations: 4)
[Webpacker] Everything's up-to-date. Nothing to do
Completed 200 OK in 65ms (Views: 64.4ms | ActiveRecord: 0.0ms | Allocations: 4323)


Started GET "/" for ::1 at 2020-10-07 15:22:12 +0900
Processing by HomeController#top as HTML
  Rendering home/top.html.erb within layouts/application
  Rendered home/top.html.erb within layouts/application (Duration: 0.0ms | Allocations: 4)
[Webpacker] Everything's up-to-date. Nothing to do
Completed 200 OK in 57ms (Views: 56.0ms | ActiveRecord: 0.0ms | Allocations: 4311)


Started GET "/" for ::1 at 2020-10-07 15:34:42 +0900
  [1m[35m (0.1ms)[0m  [1m[34mSELECT sqlite_version(*)[0m
Processing by HomeController#top as HTML
  Rendering home/top.html.erb within layouts/application
  Rendered home/top.html.erb within layouts/application (Duration: 0.0ms | Allocations: 4)
[Webpacker] Everything's up-to-date. Nothing to do
Completed 200 OK in 74ms (Views: 73.4ms | ActiveRecord: 0.0ms | Allocations: 4497)


Started GET "/" for ::1 at 2020-10-07 15:34:43 +0900
Processing by HomeController#top as HTML
  Rendering home/top.html.erb within layouts/application
  Rendered home/top.html.erb within layouts/application (Duration: 0.0ms | Allocations: 4)
[Webpacker] Everything's up-to-date. Nothing to do
Completed 200 OK in 70ms (Views: 69.5ms | ActiveRecord: 0.0ms | Allocations: 4705)


Started GET "/" for ::1 at 2020-10-07 15:34:43 +0900
Processing by HomeController#top as HTML
  Rendering home/top.html.erb within layouts/application
  Rendered home/top.html.erb within layouts/application (Duration: 0.0ms | Allocations: 4)
[Webpacker] Everything's up-to-date. Nothing to do
Completed 200 OK in 60ms (Views: 59.5ms | ActiveRecord: 0.0ms | Allocations: 4323)


  [1m[35m (8.4ms)[0m  [1m[34mSELECT sqlite_version(*)[0m
  [1m[35m (156.6ms)[0m  [1m[35mCREATE TABLE "schema_migrations" ("version" varchar NOT NULL PRIMARY KEY)[0m
  [1m[35m (81.9ms)[0m  [1m[35mCREATE TABLE "ar_internal_metadata" ("key" varchar NOT NULL PRIMARY KEY, "value" varchar, "created_at" datetime(6) NOT NULL, "updated_at" datetime(6) NOT NULL)[0m
  [1m[35m (0.2ms)[0m  [1m[34mSELECT "schema_migrations"."version" FROM "schema_migrations" ORDER BY "schema_migrations"."version" ASC[0m
Migrating to CreatePosts (20201007064140)
  [1m[35m (0.1ms)[0m  [1m[36mbegin transaction[0m
  [1m[35m (2.3ms)[0m  [1m[35mCREATE TABLE "posts" ("id" integer PRIMARY KEY AUTOINCREMENT NOT NULL, "content" text, "created_at" datetime(6) NOT NULL, "updated_at" datetime(6) NOT NULL)[0m
  [1m[36mprimary::SchemaMigration Create (0.2ms)[0m  [1m[32mINSERT INTO "schema_migrations" ("version") VALUES (?)[0m  [["version", "20201007064140"]]
  [1m[35m (75.0ms)[0m  [1m[36mcommit transaction[0m
  [1m[36mActiveRecord::InternalMetadata Load (0.4ms)[0m  [1m[34mSELECT "ar_internal_metadata".* FROM "ar_internal_metadata" WHERE "ar_internal_metadata"."key" = ? LIMIT ?[0m  [["key", "environment"], ["LIMIT", 1]]
  [1m[35m (0.0ms)[0m  [1m[36mbegin transaction[0m
  [1m[36mActiveRecord::InternalMetadata Create (2.4ms)[0m  [1m[32mINSERT INTO "ar_internal_metadata" ("key", "value", "created_at", "updated_at") VALUES (?, ?, ?, ?)[0m  [["key", "environment"], ["value", "development"], ["created_at", "2020-10-07 06:42:21.193042"], ["updated_at", "2020-10-07 06:42:21.193042"]]
  [1m[35m (84.5ms)[0m  [1m[36mcommit transaction[0m
  [1m[35m (0.1ms)[0m  [1m[34mSELECT sqlite_version(*)[0m
  [1m[35m (0.5ms)[0m  [1m[34mSELECT "schema_migrations"."version" FROM "schema_migrations" ORDER BY "schema_migrations"."version" ASC[0m
Started GET "/" for ::1 at 2020-10-07 16:27:20 +0900
  [1m[35m (8.9ms)[0m  [1m[34mSELECT sqlite_version(*)[0m
  [1m[35m (0.3ms)[0m  [1m[34mSELECT "schema_migrations"."version" FROM "schema_migrations" ORDER BY "schema_migrations"."version" ASC[0m
Processing by HomeController#top as HTML
  Rendering home/top.html.erb within layouts/application
  Rendered home/top.html.erb within layouts/application (Duration: 8.7ms | Allocations: 318)
[Webpacker] Everything's up-to-date. Nothing to do
Completed 200 OK in 700ms (Views: 675.6ms | ActiveRecord: 0.0ms | Allocations: 27138)


Started GET "/" for ::1 at 2020-10-09 14:58:15 +0900
  [1m[35m (36.6ms)[0m  [1m[34mSELECT sqlite_version(*)[0m
  [1m[35m (0.8ms)[0m  [1m[34mSELECT "schema_migrations"."version" FROM "schema_migrations" ORDER BY "schema_migrations"."version" ASC[0m
Processing by HomeController#top as HTML
  Rendering home/top.html.erb within layouts/application
  Rendered home/top.html.erb within layouts/application (Duration: 21.4ms | Allocations: 318)
[Webpacker] Everything's up-to-date. Nothing to do
Completed 200 OK in 766ms (Views: 691.0ms | ActiveRecord: 0.0ms | Allocations: 10103)


